# JRE version: OpenJDK Runtime Environment Microsoft-12574423 (17.0.17+10) (build 17.0.17+10-LTS)
# Java VM: OpenJDK 64-Bit Server VM Microsoft-12574423 (17.0.17+10-LTS, mixed mode, sharing, tiered, compressed oops, compressed class ptrs, g1 gc, windows-amd64)
GC Precious Log:
 CPUs: 12 total, 12 available
 Memory: 16108M
 Large Page Support: Disabled
 NUMA Support: Disabled
 Compressed Oops: Enabled (Zero based)
 Heap Region Size: 2M
 Heap Min Capacity: 8M
 Heap Initial Capacity: 8M
 Heap Max Capacity: 4028M
 Pre-touch: Disabled
 Parallel Workers: 10
 Concurrent Workers: 3
 Concurrent Refinement Workers: 10
 Periodic GC: Disabled
Heap:
 garbage-first heap   total 32768K, used 4743K [0x0000000704400000, 0x0000000800000000)
  region size 2048K, 1 young (2048K), 1 survivors (2048K)
 Metaspace       used 2937K, committed 3200K, reserved 1114112K
  class space    used 328K, committed 448K, reserved 1048576K
GC Heap History (20 events):
Event: 0.191 GC heap after
{Heap after GC invocations=3 (full 0):
 garbage-first heap   total 8192K, used 2831K [0x0000000704400000, 0x0000000800000000)
  region size 2048K, 1 young (2048K), 1 survivors (2048K)
 Metaspace       used 2175K, committed 2368K, reserved 1114112K
  class space    used 240K, committed 320K, reserved 1048576K
}
Event: 0.224 GC heap before
{Heap before GC invocations=3 (full 0):
 garbage-first heap   total 8192K, used 4879K [0x0000000704400000, 0x0000000800000000)
  region size 2048K, 2 young (4096K), 1 survivors (2048K)
 Metaspace       used 2478K, committed 2752K, reserved 1114112K
  class space    used 290K, committed 448K, reserved 1048576K
}
Event: 0.226 GC heap after
{Heap after GC invocations=4 (full 0):
 garbage-first heap   total 10240K, used 3226K [0x0000000704400000, 0x0000000800000000)
  region size 2048K, 1 young (2048K), 1 survivors (2048K)
 Metaspace       used 2478K, committed 2752K, reserved 1114112K
  class space    used 290K, committed 448K, reserved 1048576K
}
Event: 0.248 GC heap before
{Heap before GC invocations=4 (full 0):
 garbage-first heap   total 10240K, used 5274K [0x0000000704400000, 0x0000000800000000)
  region size 2048K, 2 young (4096K), 1 survivors (2048K)
 Metaspace       used 2579K, committed 2816K, reserved 1114112K
  class space    used 306K, committed 448K, reserved 1048576K
}
Event: 0.249 GC heap after
{Heap after GC invocations=5 (full 0):
 garbage-first heap   total 16384K, used 3230K [0x0000000704400000, 0x0000000800000000)
  region size 2048K, 1 young (2048K), 1 survivors (2048K)
 Metaspace       used 2579K, committed 2816K, reserved 1114112K
  class space    used 306K, committed 448K, reserved 1048576K
}
Event: 0.272 GC heap before
{Heap before GC invocations=5 (full 0):
 garbage-first heap   total 16384K, used 5278K [0x0000000704400000, 0x0000000800000000)
  region size 2048K, 2 young (4096K), 1 survivors (2048K)
 Metaspace       used 2688K, committed 2944K, reserved 1114112K
  class space    used 318K, committed 448K, reserved 1048576K
}
Event: 0.273 GC heap after
{Heap after GC invocations=6 (full 0):
 garbage-first heap   total 16384K, used 3862K [0x0000000704400000, 0x0000000800000000)
  region size 2048K, 1 young (2048K), 1 survivors (2048K)
 Metaspace       used 2688K, committed 2944K, reserved 1114112K
  class space    used 318K, committed 448K, reserved 1048576K
}
Event: 0.294 GC heap before
{Heap before GC invocations=6 (full 0):
 garbage-first heap   total 16384K, used 5910K [0x0000000704400000, 0x0000000800000000)
  region size 2048K, 2 young (4096K), 1 survivors (2048K)
 Metaspace       used 2755K, committed 3008K, reserved 1114112K
  class space    used 318K, committed 448K, reserved 1048576K
}
Event: 0.296 GC heap after
{Heap after GC invocations=7 (full 0):
 garbage-first heap   total 16384K, used 4111K [0x0000000704400000, 0x0000000800000000)
  region size 2048K, 1 young (2048K), 1 survivors (2048K)
 Metaspace       used 2755K, committed 3008K, reserved 1114112K
  class space    used 318K, committed 448K, reserved 1048576K
}
Event: 0.305 GC heap before
{Heap before GC invocations=7 (full 0):
 garbage-first heap   total 16384K, used 6159K [0x0000000704400000, 0x0000000800000000)
  region size 2048K, 2 young (4096K), 1 survivors (2048K)
 Metaspace       used 2782K, committed 3008K, reserved 1114112K
  class space    used 318K, committed 448K, reserved 1048576K
}
Event: 0.307 GC heap after
{Heap after GC invocations=8 (full 0):
 garbage-first heap   total 16384K, used 4259K [0x0000000704400000, 0x0000000800000000)
  region size 2048K, 1 young (2048K), 1 survivors (2048K)
 Metaspace       used 2782K, committed 3008K, reserved 1114112K
  class space    used 318K, committed 448K, reserved 1048576K
}
Event: 0.340 GC heap before
{Heap before GC invocations=8 (full 0):
 garbage-first heap   total 16384K, used 6307K [0x0000000704400000, 0x0000000800000000)
  region size 2048K, 3 young (6144K), 1 survivors (2048K)
 Metaspace       used 2889K, committed 3136K, reserved 1114112K
  class space    used 328K, committed 448K, reserved 1048576K
}
Event: 1.348 GC heap after
{Heap after GC invocations=9 (full 0):
 garbage-first heap   total 32768K, used 5206K [0x0000000704400000, 0x0000000800000000)
  region size 2048K, 1 young (2048K), 1 survivors (2048K)
 Metaspace       used 2889K, committed 3136K, reserved 1114112K
  class space    used 328K, committed 448K, reserved 1048576K
}
Event: 1.374 GC heap before
{Heap before GC invocations=9 (full 0):
 garbage-first heap   total 32768K, used 7254K [0x0000000704400000, 0x0000000800000000)
  region size 2048K, 2 young (4096K), 1 survivors (2048K)
 Metaspace       used 2894K, committed 3136K, reserved 1114112K
  class space    used 328K, committed 448K, reserved 1048576K
}
Event: 1.377 GC heap after
{Heap after GC invocations=10 (full 0):
 garbage-first heap   total 32768K, used 4847K [0x0000000704400000, 0x0000000800000000)
  region size 2048K, 1 young (2048K), 1 survivors (2048K)
 Metaspace       used 2894K, committed 3136K, reserved 1114112K
  class space    used 328K, committed 448K, reserved 1048576K
}
Event: 1.392 GC heap before
{Heap before GC invocations=10 (full 0):
 garbage-first heap   total 32768K, used 6895K [0x0000000704400000, 0x0000000800000000)
  region size 2048K, 2 young (4096K), 1 survivors (2048K)
 Metaspace       used 2903K, committed 3136K, reserved 1114112K
  class space    used 328K, committed 448K, reserved 1048576K
}
Event: 1.393 GC heap after
{Heap after GC invocations=11 (full 0):
 garbage-first heap   total 32768K, used 4758K [0x0000000704400000, 0x0000000800000000)
  region size 2048K, 1 young (2048K), 1 survivors (2048K)
 Metaspace       used 2903K, committed 3136K, reserved 1114112K
  class space    used 328K, committed 448K, reserved 1048576K
}
Event: 1.401 GC heap before
{Heap before GC invocations=11 (full 0):
 garbage-first heap   total 32768K, used 6806K [0x0000000704400000, 0x0000000800000000)
  region size 2048K, 2 young (4096K), 1 survivors (2048K)
 Metaspace       used 2916K, committed 3200K, reserved 1114112K
  class space    used 328K, committed 448K, reserved 1048576K
}
Event: 1.402 GC heap after
{Heap after GC invocations=12 (full 0):
 garbage-first heap   total 32768K, used 4741K [0x0000000704400000, 0x0000000800000000)
  region size 2048K, 1 young (2048K), 1 survivors (2048K)
 Metaspace       used 2916K, committed 3200K, reserved 1114112K
  class space    used 328K, committed 448K, reserved 1048576K
}
Event: 1.408 GC heap before
{Heap before GC invocations=12 (full 0):
 garbage-first heap   total 32768K, used 6789K [0x0000000704400000, 0x0000000800000000)
  region size 2048K, 2 young (4096K), 1 survivors (2048K)
 Metaspace       used 2937K, committed 3200K, reserved 1114112K
  class space    used 328K, committed 448K, reserved 1048576K
}

